[debug] [2022-08-29T18:42:19.115Z] ----------------------------------------------------------------------
[debug] [2022-08-29T18:42:19.210Z] Command:       C:\Program Files\nodejs\node.exe C:\Users\Salome\AppData\Roaming\npm\node_modules\firebase-tools\lib\bin\firebase.js deploy
[debug] [2022-08-29T18:42:19.211Z] CLI Version:   11.7.0
[debug] [2022-08-29T18:42:19.212Z] Platform:      win32
[debug] [2022-08-29T18:42:19.212Z] Node Version:  v16.14.0
[debug] [2022-08-29T18:42:19.736Z] Time:          Mon Aug 29 2022 15:42:19 GMT-0300 (hora estándar de Argentina)
[debug] [2022-08-29T18:42:19.737Z] ----------------------------------------------------------------------
[debug] 
[debug] [2022-08-29T18:42:21.399Z] > command requires scopes: ["email","openid","https://www.googleapis.com/auth/cloudplatformprojects.readonly","https://www.googleapis.com/auth/firebase","https://www.googleapis.com/auth/cloud-platform"]
[debug] [2022-08-29T18:42:21.400Z] > authorizing via signed-in user (salomevera32@gmail.com)
[debug] [2022-08-29T18:42:21.400Z] [iam] checking project frontendasvv for permissions ["firebase.projects.get","firebasehosting.sites.update"]
[debug] [2022-08-29T18:42:21.549Z] > refreshing access token with scopes: []
[debug] [2022-08-29T18:42:21.565Z] >>> [apiv2][query] POST https://www.googleapis.com/oauth2/v3/token [none]
[debug] [2022-08-29T18:42:21.565Z] >>> [apiv2][body] POST https://www.googleapis.com/oauth2/v3/token [omitted]
[debug] [2022-08-29T18:42:26.249Z] <<< [apiv2][status] POST https://www.googleapis.com/oauth2/v3/token 200
[debug] [2022-08-29T18:42:26.250Z] <<< [apiv2][body] POST https://www.googleapis.com/oauth2/v3/token [omitted]
[debug] [2022-08-29T18:42:27.217Z] >>> [apiv2][query] POST https://cloudresourcemanager.googleapis.com/v1/projects/frontendasvv:testIamPermissions [none]
[debug] [2022-08-29T18:42:27.218Z] >>> [apiv2][(partial)header] POST https://cloudresourcemanager.googleapis.com/v1/projects/frontendasvv:testIamPermissions x-goog-quota-user=projects/frontendasvv
[debug] [2022-08-29T18:42:27.218Z] >>> [apiv2][body] POST https://cloudresourcemanager.googleapis.com/v1/projects/frontendasvv:testIamPermissions {"permissions":["firebase.projects.get","firebasehosting.sites.update"]}
[debug] [2022-08-29T18:42:28.353Z] <<< [apiv2][status] POST https://cloudresourcemanager.googleapis.com/v1/projects/frontendasvv:testIamPermissions 200
[debug] [2022-08-29T18:42:28.353Z] <<< [apiv2][body] POST https://cloudresourcemanager.googleapis.com/v1/projects/frontendasvv:testIamPermissions {"permissions":["firebase.projects.get","firebasehosting.sites.update"]}
[debug] [2022-08-29T18:42:28.355Z] >>> [apiv2][query] GET https://firebase.googleapis.com/v1beta1/projects/frontendasvv [none]
[debug] [2022-08-29T18:42:28.733Z] <<< [apiv2][status] GET https://firebase.googleapis.com/v1beta1/projects/frontendasvv 200
[debug] [2022-08-29T18:42:28.733Z] <<< [apiv2][body] GET https://firebase.googleapis.com/v1beta1/projects/frontendasvv {"projectId":"frontendasvv","projectNumber":"605369961049","displayName":"frontendasvv","name":"projects/frontendasvv","resources":{"hostingSite":"frontendasvv"},"state":"ACTIVE","etag":"1_63387187-96bc-44b8-8611-344f194e9bdb"}
[info] 
[info] === Deploying to 'frontendasvv'...
[info] 
[info] i  deploying hosting 
[debug] [2022-08-29T18:42:30.223Z] >>> [apiv2][query] GET https://firebase.googleapis.com/v1beta1/projects/frontendasvv [none]
[debug] [2022-08-29T18:42:31.069Z] <<< [apiv2][status] GET https://firebase.googleapis.com/v1beta1/projects/frontendasvv 200
[debug] [2022-08-29T18:42:31.070Z] <<< [apiv2][body] GET https://firebase.googleapis.com/v1beta1/projects/frontendasvv {"projectId":"frontendasvv","projectNumber":"605369961049","displayName":"frontendasvv","name":"projects/frontendasvv","resources":{"hostingSite":"frontendasvv"},"state":"ACTIVE","etag":"1_63387187-96bc-44b8-8611-344f194e9bdb"}
[debug] [2022-08-29T18:42:31.558Z] >>> [apiv2][query] POST https://firebasehosting.googleapis.com/v1beta1/projects/605369961049/sites/frontendasvv/versions [none]
[debug] [2022-08-29T18:42:31.558Z] >>> [apiv2][body] POST https://firebasehosting.googleapis.com/v1beta1/projects/605369961049/sites/frontendasvv/versions {"config":{"rewrites":[{"glob":"**","path":"/index.html"}]},"labels":{"deployment-tool":"cli-firebase"}}
[debug] [2022-08-29T18:42:33.009Z] <<< [apiv2][status] POST https://firebasehosting.googleapis.com/v1beta1/projects/605369961049/sites/frontendasvv/versions 200
[debug] [2022-08-29T18:42:33.010Z] <<< [apiv2][body] POST https://firebasehosting.googleapis.com/v1beta1/projects/605369961049/sites/frontendasvv/versions {"name":"projects/605369961049/sites/frontendasvv/versions/4d7d891ee9df5917","status":"CREATED","config":{"rewrites":[{"glob":"**","path":"/index.html"}]},"labels":{"deployment-tool":"cli-firebase"}}
[info] i  hosting[frontendasvv]: beginning deploy... 
[info] i  hosting[frontendasvv]: found 23 files in dist/proyecto-final-ar 
[debug] [2022-08-29T18:42:36.753Z] [hosting] uploading with 200 concurrency
[debug] [2022-08-29T18:43:06.333Z] [hosting] hash cache [ZGlzdFxwcm95ZWN0by1maW5hbC1hcg] stored for 23 files
[debug] [2022-08-29T18:43:06.334Z] [hosting][hash queue][FINAL] {"max":23242,"min":1,"avg":3045.8260869565215,"active":0,"complete":23,"success":23,"errored":0,"retried":0,"total":23,"elapsed":26961}
[debug] [2022-08-29T18:43:06.334Z] >>> [apiv2][query] POST https://firebasehosting.googleapis.com/v1beta1/projects/605369961049/sites/frontendasvv/versions/4d7d891ee9df5917:populateFiles [none]
[debug] [2022-08-29T18:43:06.335Z] >>> [apiv2][body] POST https://firebasehosting.googleapis.com/v1beta1/projects/605369961049/sites/frontendasvv/versions/4d7d891ee9df5917:populateFiles {"files":{"/favicon.ico":"2c19690e9587bae12f419b34d2edeecc76808099540a9c9f4ea6194116cfc8f7","/assets/APLogo.png":"6ff79476d7e1a3d0fa0bb862b21f83dbfcf7a9df27c570c93a7d2da6a486d155","/assets/banner.png":"b7c4e4bc2d043b0a87c9d97a7d53ee949557f440a19a32388d60b3c74e0a376e","/assets/css-3.png":"52b8ac2c68037bbbc799827bb9e649860c94719b80986b6cd1e3bed1bfbb10de","/assets/eng.png":"44fe638620b737c92ac9db097d354fec4edacb9a1c73b3e9542c46ca6867123e","/assets/facebook.png":"63cc4bd7c35866c321158402a4f8a66b6593bde8a93ca894accb63c37fbf320c","/assets/foto.jpg":"0a74950e7146ac7b242ff258c836267c781ff0107e42f73da54471d5611cbfdb","/assets/github.png":"c3b7499f20ce14aebb3ae0587645656d3b98060f1e28718e354c8e17fd7abeb8","/assets/html-5.png":"1d67fc29dce9a6079046ccffffb994a1fa6d7a40bd6493cf0f723f7e5c70ed6c","/assets/instagram.png":"0dade28e87b067000b4a1fa74534cf218d1dcd8079a47984bafd5f58ffebc3c2","/assets/js.png":"92f5185568aad5895acd53c06654e72b1dc96066bcba5c269213ae4f9f24facc","/assets/linkedin.png":"7aeb0f7c5272f70164af3b6e2bc629d8f2ad7d456fbff8d06ade223dc69ef832","/assets/My.gif":"75cd887e25f2d717760a55ae4a8229476da8d3284af01bbf4441e9442300a30d","/assets/twitter.png":"37f1b302c726827308d1648621a7d4d8e95b1733cd345feea2a53ad1ae0a268c","/assets/unido.png":"2f94d6fd38fdce4aee8721a72c10e13f0e095bf8d364f250c33d56d6ceaeb9f4","/index.html":"6af444929d3de2abfa657d30ac5498abb9a39cd1e0a33ff9113a930df1eb9283","/runtime.983a133e9e84dd53.js":"5c6782a908c1c3c701b7ebb099c6d1d20b8a14cb4047304b9758e866c8a4025f","/3rdpartylicenses.txt":"c4e1794aba7e1217bd0f3793a60b81072f0240a4b2297dfd97945ebc2eab2661","/polyfills.af358d1e86831d29.js":"43e859ba82b704db3f06e65f11bf66cdcc054526a451de7a978b87139db755b9","/scripts.5a760000a5f57d40.js":"65fb0b1cbd6e793922914d20c9451edf9e8bc58ff8f5a6857e7aaceddd0cb42d","/styles.f8e3132b35359c87.css":"0c747fe25d089b8df7aca6bf1f7e7015a3831673ceba461e7321bbb994ac99de","/main.00ed5f7dc3b50cd2.js":"8e987091209470c6d20ca61ed6c754e0dd801ba78b780e11cf13a7062c6ac947","/assets/proyec.png":"7e6ef8ee0928914e30f822d3f6990f16654de20560382fe629cc4a7658c76189"}}
[debug] [2022-08-29T18:43:25.404Z] <<< [apiv2][status] POST https://firebasehosting.googleapis.com/v1beta1/projects/605369961049/sites/frontendasvv/versions/4d7d891ee9df5917:populateFiles 200
[debug] [2022-08-29T18:43:25.404Z] <<< [apiv2][body] POST https://firebasehosting.googleapis.com/v1beta1/projects/605369961049/sites/frontendasvv/versions/4d7d891ee9df5917:populateFiles {"uploadRequiredHashes":["8e987091209470c6d20ca61ed6c754e0dd801ba78b780e11cf13a7062c6ac947","75cd887e25f2d717760a55ae4a8229476da8d3284af01bbf4441e9442300a30d","7e6ef8ee0928914e30f822d3f6990f16654de20560382fe629cc4a7658c76189","6af444929d3de2abfa657d30ac5498abb9a39cd1e0a33ff9113a930df1eb9283"],"uploadUrl":"https://upload-firebasehosting.googleapis.com/upload/sites/frontendasvv/versions/4d7d891ee9df5917/files"}
[debug] [2022-08-29T18:43:25.408Z] >>> [apiv2][query] POST https://upload-firebasehosting.googleapis.com/upload/sites/frontendasvv/versions/4d7d891ee9df5917/files/8e987091209470c6d20ca61ed6c754e0dd801ba78b780e11cf13a7062c6ac947 [none]
[debug] [2022-08-29T18:43:25.408Z] >>> [apiv2][body] POST https://upload-firebasehosting.googleapis.com/upload/sites/frontendasvv/versions/4d7d891ee9df5917/files/8e987091209470c6d20ca61ed6c754e0dd801ba78b780e11cf13a7062c6ac947 [stream]
[debug] [2022-08-29T18:43:25.414Z] >>> [apiv2][query] POST https://upload-firebasehosting.googleapis.com/upload/sites/frontendasvv/versions/4d7d891ee9df5917/files/75cd887e25f2d717760a55ae4a8229476da8d3284af01bbf4441e9442300a30d [none]
[debug] [2022-08-29T18:43:25.414Z] >>> [apiv2][body] POST https://upload-firebasehosting.googleapis.com/upload/sites/frontendasvv/versions/4d7d891ee9df5917/files/75cd887e25f2d717760a55ae4a8229476da8d3284af01bbf4441e9442300a30d [stream]
[debug] [2022-08-29T18:43:25.416Z] >>> [apiv2][query] POST https://upload-firebasehosting.googleapis.com/upload/sites/frontendasvv/versions/4d7d891ee9df5917/files/7e6ef8ee0928914e30f822d3f6990f16654de20560382fe629cc4a7658c76189 [none]
[debug] [2022-08-29T18:43:25.417Z] >>> [apiv2][body] POST https://upload-firebasehosting.googleapis.com/upload/sites/frontendasvv/versions/4d7d891ee9df5917/files/7e6ef8ee0928914e30f822d3f6990f16654de20560382fe629cc4a7658c76189 [stream]
[debug] [2022-08-29T18:43:25.419Z] >>> [apiv2][query] POST https://upload-firebasehosting.googleapis.com/upload/sites/frontendasvv/versions/4d7d891ee9df5917/files/6af444929d3de2abfa657d30ac5498abb9a39cd1e0a33ff9113a930df1eb9283 [none]
[debug] [2022-08-29T18:43:25.420Z] >>> [apiv2][body] POST https://upload-firebasehosting.googleapis.com/upload/sites/frontendasvv/versions/4d7d891ee9df5917/files/6af444929d3de2abfa657d30ac5498abb9a39cd1e0a33ff9113a930df1eb9283 [stream]
[debug] [2022-08-29T18:43:25.422Z] [hosting][populate queue][FINAL] {"max":22081,"min":22081,"avg":22081,"active":0,"complete":1,"success":1,"errored":0,"retried":0,"total":1,"elapsed":22096}
[debug] [2022-08-29T18:43:25.423Z] [hosting] uploads queued: 4
[debug] [2022-08-29T18:43:36.135Z] <<< [apiv2][status] POST https://upload-firebasehosting.googleapis.com/upload/sites/frontendasvv/versions/4d7d891ee9df5917/files/6af444929d3de2abfa657d30ac5498abb9a39cd1e0a33ff9113a930df1eb9283 200
[debug] [2022-08-29T18:43:36.198Z] <<< [apiv2][body] POST https://upload-firebasehosting.googleapis.com/upload/sites/frontendasvv/versions/4d7d891ee9df5917/files/6af444929d3de2abfa657d30ac5498abb9a39cd1e0a33ff9113a930df1eb9283 [stream]
[debug] [2022-08-29T18:43:47.978Z] <<< [apiv2][status] POST https://upload-firebasehosting.googleapis.com/upload/sites/frontendasvv/versions/4d7d891ee9df5917/files/8e987091209470c6d20ca61ed6c754e0dd801ba78b780e11cf13a7062c6ac947 200
[debug] [2022-08-29T18:43:47.978Z] <<< [apiv2][body] POST https://upload-firebasehosting.googleapis.com/upload/sites/frontendasvv/versions/4d7d891ee9df5917/files/8e987091209470c6d20ca61ed6c754e0dd801ba78b780e11cf13a7062c6ac947 [stream]
[debug] [2022-08-29T18:44:00.582Z] [uploadQueue] Retrying task 75cd887e25f2d717760a55ae4a8229476da8d3284af01bbf4441e9442300a30d
[debug] [2022-08-29T18:44:00.583Z] >>> [apiv2][query] POST https://upload-firebasehosting.googleapis.com/upload/sites/frontendasvv/versions/4d7d891ee9df5917/files/75cd887e25f2d717760a55ae4a8229476da8d3284af01bbf4441e9442300a30d [none]
[debug] [2022-08-29T18:44:00.583Z] >>> [apiv2][body] POST https://upload-firebasehosting.googleapis.com/upload/sites/frontendasvv/versions/4d7d891ee9df5917/files/75cd887e25f2d717760a55ae4a8229476da8d3284af01bbf4441e9442300a30d [stream]
[debug] [2022-08-29T18:44:00.588Z] [uploadQueue] Retrying task 7e6ef8ee0928914e30f822d3f6990f16654de20560382fe629cc4a7658c76189
[debug] [2022-08-29T18:44:00.589Z] >>> [apiv2][query] POST https://upload-firebasehosting.googleapis.com/upload/sites/frontendasvv/versions/4d7d891ee9df5917/files/7e6ef8ee0928914e30f822d3f6990f16654de20560382fe629cc4a7658c76189 [none]
[debug] [2022-08-29T18:44:00.589Z] >>> [apiv2][body] POST https://upload-firebasehosting.googleapis.com/upload/sites/frontendasvv/versions/4d7d891ee9df5917/files/7e6ef8ee0928914e30f822d3f6990f16654de20560382fe629cc4a7658c76189 [stream]
[debug] [2022-08-29T18:44:32.247Z] <<< [apiv2][status] POST https://upload-firebasehosting.googleapis.com/upload/sites/frontendasvv/versions/4d7d891ee9df5917/files/7e6ef8ee0928914e30f822d3f6990f16654de20560382fe629cc4a7658c76189 200
[debug] [2022-08-29T18:44:32.254Z] <<< [apiv2][body] POST https://upload-firebasehosting.googleapis.com/upload/sites/frontendasvv/versions/4d7d891ee9df5917/files/7e6ef8ee0928914e30f822d3f6990f16654de20560382fe629cc4a7658c76189 [stream]
[debug] [2022-08-29T18:44:36.779Z] [uploadQueue] Retrying task 75cd887e25f2d717760a55ae4a8229476da8d3284af01bbf4441e9442300a30d
[debug] [2022-08-29T18:44:36.781Z] >>> [apiv2][query] POST https://upload-firebasehosting.googleapis.com/upload/sites/frontendasvv/versions/4d7d891ee9df5917/files/75cd887e25f2d717760a55ae4a8229476da8d3284af01bbf4441e9442300a30d [none]
[debug] [2022-08-29T18:44:36.781Z] >>> [apiv2][body] POST https://upload-firebasehosting.googleapis.com/upload/sites/frontendasvv/versions/4d7d891ee9df5917/files/75cd887e25f2d717760a55ae4a8229476da8d3284af01bbf4441e9442300a30d [stream]
[debug] [2022-08-29T18:45:12.287Z] [uploadQueue] Retrying task 75cd887e25f2d717760a55ae4a8229476da8d3284af01bbf4441e9442300a30d
[debug] [2022-08-29T18:45:12.354Z] >>> [apiv2][query] POST https://upload-firebasehosting.googleapis.com/upload/sites/frontendasvv/versions/4d7d891ee9df5917/files/75cd887e25f2d717760a55ae4a8229476da8d3284af01bbf4441e9442300a30d [none]
[debug] [2022-08-29T18:45:12.354Z] >>> [apiv2][body] POST https://upload-firebasehosting.googleapis.com/upload/sites/frontendasvv/versions/4d7d891ee9df5917/files/75cd887e25f2d717760a55ae4a8229476da8d3284af01bbf4441e9442300a30d [stream]
[debug] [2022-08-29T18:45:49.422Z] [uploadQueue] Retrying task 75cd887e25f2d717760a55ae4a8229476da8d3284af01bbf4441e9442300a30d
[debug] [2022-08-29T18:45:49.456Z] >>> [apiv2][query] POST https://upload-firebasehosting.googleapis.com/upload/sites/frontendasvv/versions/4d7d891ee9df5917/files/75cd887e25f2d717760a55ae4a8229476da8d3284af01bbf4441e9442300a30d [none]
[debug] [2022-08-29T18:45:49.459Z] >>> [apiv2][body] POST https://upload-firebasehosting.googleapis.com/upload/sites/frontendasvv/versions/4d7d891ee9df5917/files/75cd887e25f2d717760a55ae4a8229476da8d3284af01bbf4441e9442300a30d [stream]
[debug] [2022-08-29T18:46:27.314Z] [uploadQueue] Retrying task 75cd887e25f2d717760a55ae4a8229476da8d3284af01bbf4441e9442300a30d
[debug] [2022-08-29T18:46:27.315Z] >>> [apiv2][query] POST https://upload-firebasehosting.googleapis.com/upload/sites/frontendasvv/versions/4d7d891ee9df5917/files/75cd887e25f2d717760a55ae4a8229476da8d3284af01bbf4441e9442300a30d [none]
[debug] [2022-08-29T18:46:27.315Z] >>> [apiv2][body] POST https://upload-firebasehosting.googleapis.com/upload/sites/frontendasvv/versions/4d7d891ee9df5917/files/75cd887e25f2d717760a55ae4a8229476da8d3284af01bbf4441e9442300a30d [stream]
[debug] Task 75cd887e25f2d717760a55ae4a8229476da8d3284af01bbf4441e9442300a30d failed: retries exhausted after 6 attempts, with error: Timeout reached making request to https://upload-firebasehosting.googleapis.com/upload/sites/frontendasvv/versions/4d7d891ee9df5917/files/75cd887e25f2d717760a55ae4a8229476da8d3284af01bbf4441e9442300a30d
[debug] [2022-08-29T18:46:58.692Z] [hosting][upload queue][FINAL] {"max":31718,"min":10792,"avg":21694.666666666668,"active":0,"complete":4,"success":3,"errored":1,"retried":6,"total":4,"elapsed":213287}
[debug] [2022-08-29T18:47:08.549Z] Error: Timed out.
    at Timeout._onTimeout (C:\Users\Salome\AppData\Roaming\npm\node_modules\firebase-tools\lib\utils.js:253:49)
    at listOnTimeout (node:internal/timers:559:17)
    at processTimers (node:internal/timers:502:7)
